
hkg 
jgir |klhg
jky jkl |jmy
hell f | hfge
hgjkru |ofdp
echo hello | grep -e
hello
helo world
helo | hbre
helo | hbre
hello world
hello world | 2023
hello world
helo wpr| hedf
hello world 2023
helo wordl djef
hekdfj ehkdt iorfn
hfreut hgiuov fugkjf
hell
heljki
brv
vrwvr
vwrbw
averr
averae
aeace
car
verr
vvww
./minishell
avop
avvvr
vaervr
vav
cwe
cqw
ceqc
kdw[d
dweod
wek[
dwed[pq
dwoe
dke[dk
apna
veveqr
hreqche heqocrh hoehc
"eofoef eqoihf ehqiofh"
"efufe "beri" dhweof"
bciwcb
weiochw
cnein
cnepnc
cepoc
cenwpc
make fclean
nirehre
wrog;wi hrgioe
oihoicw
hewc8e chew9cp cewuicgwpe
"nwoe" hewph "cweiu | hcw -l | > oufile
jowj cnwoec "nwnwo
    choweqche
   <
   <
   <
   <
     |
    |
    |
vbv
iuuc iuXG XUIWHX | JWOI XHOH _ncwo -dwj
bshbx     swiqus <bsdb nbxiw>nxs    || cwe09u cw<<xowenx POKI>>woe . iod > xiuwbx    oiqwh <  idoqw
bshbx     swiqus <bsdb nbxiw>nxs    || cwe09u cw<xowenx POKI>>woe . iod  xiuwbx    oiqwh <  idoqw
   xwo  <  
ncwec < coewcoiwe
>
>
dnowebc cwoence cwoince      iej dkeow     j
cbieubc cibciu pqowi2 3o 
   djio hsqiw    p12oi <
nowe wiedioeh 3je2 e2o3j
wce
     wex    sqiw
   <h
    <
>>
|
|
||
<
<<
   |
||
<
>
   wneic ihdxiow 9999 <
    <
wuehcew hioqhxwe    0squ 09qwd9sq
ebuwhxw hi | doweiud du | d2938yd1 | du29
cbwue hwe8hc98w hcwuehed9 hce
  <
<
cbweu pweid0w    dwue9d udweo   djwo
hdowi gsywq     hdio  hdqi | edh2o << eu320 hoii2 
>
>>
gwi ppowupq jpw | d ho23 > << >> dy293 > odweh.x
    >
  >   >   > >
>>
<<
>>
>>>>>
     ieurfgie  gy3fg4u hduweiyfiew |||  jdi<< < >> jjj     
>
<
<<
<
<<
uicwh  iowhoqw uwq||iudiw   t< hudqiw
>
>>
>
>
>>
>
>
>
>
>
>>
>
|
||
>
>>
||
|
<
<<
iuwehfiuwy <    diu3g32q
< fuihpwdpi    fi34urh 
<<
<< <
< >
< <
< <
< <
< <
< <
< <
< <
> >
< <
< < 
< <
< <
< <
< <
<<  hwkdge
< < <
<
>
<<
>>
|
||
<
>
|
< <
< a
asd
dcv
bwiue
hello hermon
  \"  nc \"jkn\"nkjb
hel "xz"
hel "zx"
   "bla"  m
  \"  nc \"jkn\"nkjb
   he "he" m
hel "bu" n
hel "bu" m
